<?xml version="1.0" encoding="UTF-8"?>
<!-- Generated by org.testng.reporters.JUnitXMLReporter -->
<testsuite hostname="DESKTOP-0FC8C65" ignored="0" name="Sauce Android AppTest" tests="2" failures="0" timestamp="2021-03-24T20:19:58 CDT" time="58.494" errors="0">
  <testcase name="testThankyou" time="1.371" classname="com.saucelabs.LoginPageTest.checkoutCompletePageTest"/>
  <testcase name="testMainmenu" time="2.879" classname="com.saucelabs.LoginPageTest.checkoutCompletePageTest"/>
</testsuite> <!-- Sauce Android AppTest -->
